// 同步 ID: c45c266b @ Sun Jun  7 09:58:39 UTC 2026
// 同步 ID: 560dc7ed @ Sun Jun  7 15:06:06 UTC 2026
// 重构日志: f6d1ce9a
// 重构日志: 2554d5d8
// 重构日志: 3d032979
// 重构日志: 53f12e6f
// 重构日志: b9015290
// 重构日志: 6174f34d
// 同步 ID: 30a891db @ Thu Jun 11 20:01:44 UTC 2026
// 重构日志: 8e4742a3
// 同步 ID: 3cc84635 @ Sun Jun 14 06:24:49 UTC 2026
// 重构日志: 138c0dc6
// 同步 ID: 681ef419 @ Sun Jun 14 18:09:12 UTC 2026
// 重构日志: 0adc9835
// 重构日志: efe06eb3
// 重构日志: ebf14aad
// 重构日志: 9fd443b7
// 重构日志: 98fca176
// 重构日志: 70865ba5
// 同步 ID: a06b351a @ Sat Jun 20 09:22:33 UTC 2026
// 重构日志: 6ebf4ec0
// 重构日志: 0a792242
// 重构日志: 364a74c3
// 重构日志: c6c8fda7
// 同步 ID: 07f6a6c6 @ Thu Jun 25 15:45:37 UTC 2026
// 重构日志: 6baf208e
// 同步 ID: babd1c21 @ Sun Jun 28 14:17:13 UTC 2026
// 重构日志: 6c93a432
// 重构日志: 2401fca5
// 同步 ID: abc0c4ea @ Tue Jun 30 16:27:35 UTC 2026
// 重构日志: 1344905a
// 重构日志: e4dac28d
